#
# There is insufficient memory for the Java Runtime Environment to continue.
# Native memory allocation (mmap) failed to map 132120576 bytes for G1 virtual space
# Possible reasons:
#   The system is out of physical RAM or swap space
#   The process is running with CompressedOops enabled, and the Java Heap may be blocking the growth of the native heap
# Possible solutions:
#   Reduce memory load on the system
#   Increase physical memory or swap space
#   Check if swap backing store is full
#   Decrease Java heap size (-Xmx/-Xms)
#   Decrease number of Java threads
#   Decrease Java thread stack sizes (-Xss)
#   Set larger code cache with -XX:ReservedCodeCacheSize=
#   JVM is running with Unscaled Compressed Oops mode in which the Java heap is
#     placed in the first 4GB address space. The Java Heap base address is the
#     maximum limit for the native heap growth. Please use -XX:HeapBaseMinAddress
#     to set the Java Heap base and to place the Java Heap above 4GB virtual address.
# This output file may be truncated or incomplete.
#
#  Out of Memory Error (os_windows.cpp:3559), pid=20652, tid=9276
#
# JRE version:  (17.0.7+7) (build )
# Java VM: OpenJDK 64-Bit Server VM (17.0.7+7-LTS, mixed mode, emulated-client, sharing, tiered, compressed oops, compressed class ptrs, g1 gc, windows-amd64)
# No core dump will be written. Minidumps are not enabled by default on client versions of Windows
#

---------------  S U M M A R Y ------------

Command Line: -agentlib:jdwp=transport=dt_socket,address=127.0.0.1:1436,suspend=y,server=n -XX:TieredStopAtLevel=1 -Dspring.output.ansi.enabled=always -Dcom.sun.management.jmxremote -Dspring.jmx.enabled=true -Dspring.liveBeansView.mbeanDomain -Dspring.application.admin.enabled=true -Dmanagement.endpoints.jmx.exposure.include=* -javaagent:C:\Users\JUNGI\AppData\Local\JetBrains\IntelliJIdea2023.1\captureAgent\debugger-agent.jar=file:/C:/Users/JUNGI/AppData/Local/Temp/capture.props -Dfile.encoding=UTF-8 com.example.animalwargateway.AnimalwargatewayApplication

Host: Intel(R) Core(TM) i5-8300H CPU @ 2.30GHz, 8 cores, 7G,  Windows 10 , 64 bit Build 19041 (10.0.19041.3393)
Time: Wed Oct 18 15:17:10 2023  Windows 10 , 64 bit Build 19041 (10.0.19041.3393) elapsed time: 0.054524 seconds (0d 0h 0m 0s)

---------------  T H R E A D  ---------------

Current thread (0x0000018b78f7b790):  JavaThread "Unknown thread" [_thread_in_vm, id=9276, stack(0x00000014a1f00000,0x00000014a2000000)]

Stack: [0x00000014a1f00000,0x00000014a2000000]
Native frames: (J=compiled Java code, j=interpreted, Vv=VM code, C=native code)
V  [jvm.dll+0x64b53a]
V  [jvm.dll+0x7fef54]
V  [jvm.dll+0x80070e]
V  [jvm.dll+0x800d63]
V  [jvm.dll+0x236a2b]
V  [jvm.dll+0x64843a]
V  [jvm.dll+0x63ce8a]
V  [jvm.dll+0x2f5629]
V  [jvm.dll+0x2fc826]
V  [jvm.dll+0x348eea]
V  [jvm.dll+0x34912f]
V  [jvm.dll+0x2cb9a8]
V  [jvm.dll+0x2cc939]
V  [jvm.dll+0x7d2cd1]
V  [jvm.dll+0x3563c1]
V  [jvm.dll+0x7b32ae]
V  [jvm.dll+0x3d38d3]
V  [jvm.dll+0x3d52c1]
C  [jli.dll+0x51bf]
C  [ucrtbase.dll+0x21bb2]
C  [KERNEL32.DLL+0x17344]
C  [ntdll.dll+0x526b1]


---------------  P R O C E S S  ---------------

Threads class SMR info:
_java_thread_list=0x00007ff9b583c858, length=0, elements={
}

Java Threads: ( => current thread )

Other Threads:
  0x0000018b78fd4d90 GCTaskThread "GC Thread#0" [stack: 0x00000014a2000000,0x00000014a2100000] [id=21076]
  0x0000018b78fe6820 ConcurrentGCThread "G1 Main Marker" [stack: 0x00000014a2100000,0x00000014a2200000] [id=14172]
  0x0000018b78fe7a70 ConcurrentGCThread "G1 Conc#0" [stack: 0x00000014a2200000,0x00000014a2300000] [id=10992]

[error occurred during error reporting (printing all threads), id 0xc0000005, EXCEPTION_ACCESS_VIOLATION (0xc0000005) at pc=0x00007ff9b502cc47]

VM state: not at safepoint (not fully initialized)

VM Mutex/Monitor currently owned by a thread:  ([mutex/lock_event])
[0x0000018b78f752f0] Heap_lock - owner thread: 0x0000018b78f7b790

Heap address: 0x0000000082600000, size: 2010 MB, Compressed Oops mode: 32-bit

CDS archive(s) mapped at: [0x0000000000000000-0x0000000000000000-0x0000000000000000), size 0, SharedBaseAddress: 0x0000000800000000, ArchiveRelocationMode: 0.
Narrow klass base: 0x0000000000000000, Narrow klass shift: 0, Narrow klass range: 0x0

GC Precious Log:
<Empty>

Heap:
 garbage-first heap   total 0K, used 0K [0x0000000082600000, 0x0000000100000000)
  region size 1024K, 0 young (0K), 0 survivors (0K)

[error occurred during error reporting (printing heap information), id 0xc0000005, EXCEPTION_ACCESS_VIOLATION (0xc0000005) at pc=0x00007ff9b53f3419]

GC Heap History (0 events):
No events

Dll operation events (2 events):
Event: 0.032 Loaded shared library C:\Users\JUNGI\.jdks\corretto-17.0.7\bin\java.dll
Event: 0.035 Loaded shared library C:\Users\JUNGI\.jdks\corretto-17.0.7\bin\zip.dll

Deoptimization events (0 events):
No events

Classes unloaded (0 events):
No events

Classes redefined (0 events):
No events

Internal exceptions (0 events):
No events

VM Operations (0 events):
No events

Events (0 events):
No events


Dynamic libraries:
0x00007ff667730000 - 0x00007ff66773d000 	C:\Users\JUNGI\.jdks\corretto-17.0.7\bin\java.exe
0x00007ffa0a3f0000 - 0x00007ffa0a5e8000 	C:\WINDOWS\SYSTEM32\ntdll.dll
0x00007ffa08e90000 - 0x00007ffa08f4d000 	C:\WINDOWS\System32\KERNEL32.DLL
0x00007ffa07de0000 - 0x00007ffa080d6000 	C:\WINDOWS\System32\KERNELBASE.dll
0x00007ffa07b00000 - 0x00007ffa07c00000 	C:\WINDOWS\System32\ucrtbase.dll
0x00007ffa02be0000 - 0x00007ffa02bf5000 	C:\Users\JUNGI\.jdks\corretto-17.0.7\bin\VCRUNTIME140.dll
0x00007ffa05220000 - 0x00007ffa05237000 	C:\Users\JUNGI\.jdks\corretto-17.0.7\bin\jli.dll
0x00007ffa0a0d0000 - 0x00007ffa0a26e000 	C:\WINDOWS\System32\USER32.dll
0x00007ffa07ad0000 - 0x00007ffa07af2000 	C:\WINDOWS\System32\win32u.dll
0x00007ffa08f60000 - 0x00007ffa08f8c000 	C:\WINDOWS\System32\GDI32.dll
0x00007ff9ebee0000 - 0x00007ff9ec17a000 	C:\WINDOWS\WinSxS\amd64_microsoft.windows.common-controls_6595b64144ccf1df_6.0.19041.1110_none_60b5254171f9507e\COMCTL32.dll
0x00007ffa07cc0000 - 0x00007ffa07dda000 	C:\WINDOWS\System32\gdi32full.dll
0x00007ffa08190000 - 0x00007ffa0822d000 	C:\WINDOWS\System32\msvcp_win.dll
0x00007ffa09320000 - 0x00007ffa093be000 	C:\WINDOWS\System32\msvcrt.dll
0x00007ffa0a380000 - 0x00007ffa0a3b0000 	C:\WINDOWS\System32\IMM32.DLL
0x00007ff9e85a0000 - 0x00007ff9e863b000 	C:\Users\JUNGI\.jdks\corretto-17.0.7\bin\msvcp140.dll
0x00007ff9b4d50000 - 0x00007ff9b596a000 	C:\Users\JUNGI\.jdks\corretto-17.0.7\bin\server\jvm.dll
0x00007ffa09210000 - 0x00007ffa092be000 	C:\WINDOWS\System32\ADVAPI32.dll
0x00007ffa093c0000 - 0x00007ffa0945c000 	C:\WINDOWS\System32\sechost.dll
0x00007ffa09f40000 - 0x00007ffa0a066000 	C:\WINDOWS\System32\RPCRT4.dll
0x00007ff9f1a10000 - 0x00007ff9f1a37000 	C:\WINDOWS\SYSTEM32\WINMM.dll
0x00007ffa00940000 - 0x00007ffa0094a000 	C:\WINDOWS\SYSTEM32\VERSION.dll
0x00007ff9f0360000 - 0x00007ff9f0369000 	C:\WINDOWS\SYSTEM32\WSOCK32.dll
0x00007ffa09d40000 - 0x00007ffa09dab000 	C:\WINDOWS\System32\WS2_32.dll
0x00007ffa05920000 - 0x00007ffa05932000 	C:\WINDOWS\SYSTEM32\kernel.appcore.dll
0x00007ffa02bb0000 - 0x00007ffa02bba000 	C:\Users\JUNGI\.jdks\corretto-17.0.7\bin\jimage.dll
0x00007ff9fdfd0000 - 0x00007ff9fe1b4000 	C:\WINDOWS\SYSTEM32\DBGHELP.DLL
0x00007ff9fdd50000 - 0x00007ff9fdd84000 	C:\WINDOWS\SYSTEM32\dbgcore.DLL
0x00007ffa07c00000 - 0x00007ffa07c82000 	C:\WINDOWS\System32\bcryptPrimitives.dll
0x00007ff9e9620000 - 0x00007ff9e9659000 	C:\Users\JUNGI\.jdks\corretto-17.0.7\bin\jdwp.dll
0x00007ffa022e0000 - 0x00007ffa022ee000 	C:\Users\JUNGI\.jdks\corretto-17.0.7\bin\instrument.dll
0x00007ff9ffeb0000 - 0x00007ff9ffed5000 	C:\Users\JUNGI\.jdks\corretto-17.0.7\bin\java.dll
0x00007ff9eee00000 - 0x00007ff9eee18000 	C:\Users\JUNGI\.jdks\corretto-17.0.7\bin\zip.dll

dbghelp: loaded successfully - version: 4.0.5 - missing functions: none
symbol engine: initialized successfully - sym options: 0x614 - pdb path: .;C:\Users\JUNGI\.jdks\corretto-17.0.7\bin;C:\WINDOWS\SYSTEM32;C:\WINDOWS\WinSxS\amd64_microsoft.windows.common-controls_6595b64144ccf1df_6.0.19041.1110_none_60b5254171f9507e;C:\Users\JUNGI\.jdks\corretto-17.0.7\bin\server

VM Arguments:
jvm_args: -agentlib:jdwp=transport=dt_socket,address=127.0.0.1:1436,suspend=y,server=n -XX:TieredStopAtLevel=1 -Dspring.output.ansi.enabled=always -Dcom.sun.management.jmxremote -Dspring.jmx.enabled=true -Dspring.liveBeansView.mbeanDomain -Dspring.application.admin.enabled=true -Dmanagement.endpoints.jmx.exposure.include=* -javaagent:C:\Users\JUNGI\AppData\Local\JetBrains\IntelliJIdea2023.1\captureAgent\debugger-agent.jar=file:/C:/Users/JUNGI/AppData/Local/Temp/capture.props -Dfile.encoding=UTF-8 
java_command: com.example.animalwargateway.AnimalwargatewayApplication
java_class_path (initial): D:\animalwar\animalWar-gateway\build\classes\java\main;D:\animalwar\animalWar-gateway\build\resources\main;C:\Users\JUNGI\.gradle\caches\modules-2\files-2.1\org.springframework.cloud\spring-cloud-starter-gateway\4.0.7\9c925989088e4552f0e92d4ec9b3527d5d0497c8\spring-cloud-starter-gateway-4.0.7.jar;C:\Users\JUNGI\.gradle\caches\modules-2\files-2.1\org.springframework.cloud\spring-cloud-starter-bootstrap\4.0.4\60cc9cc1d4643a11f4396cb721424f4fcce66927\spring-cloud-starter-bootstrap-4.0.4.jar;C:\Users\JUNGI\.gradle\caches\modules-2\files-2.1\org.springframework.boot\spring-boot-starter-actuator\3.1.4\f874308a679f0f8d38560a0ed54deef93ac4c22d\spring-boot-starter-actuator-3.1.4.jar;C:\Users\JUNGI\.gradle\caches\modules-2\files-2.1\org.springframework.cloud\spring-cloud-starter-netflix-eureka-client\4.0.3\1fec6bc9b32b31ab319402173fc67d4bda30adc1\spring-cloud-starter-netflix-eureka-client-4.0.3.jar;C:\Users\JUNGI\.gradle\caches\modules-2\files-2.1\org.springframework.cloud\spring-cloud-starter-config\4.0.4\bc6b9fe9967f21b3ec23b416e51a2ab8e35b6d5c\spring-cloud-starter-config-4.0.4.jar;C:\Users\JUNGI\.gradle\caches\modules-2\files-2.1\org.projectlombok\lombok\1.18.26\8f8cf0372abf564913e9796623aac4c8ea44025a\lombok-1.18.26.jar;C:\Users\JUNGI\.gradle\caches\modules-2\files-2.1\io.jsonwebtoken\jjwt-api\0.11.5\f742940045619d06383e7df37b21ac422b476cf1\jjwt-api-0.11.5.jar;C:\Users\JUNGI\.gradle\caches\modules-2\files-2.1\org.springframework.cloud\spring-cloud-starter\4.0.4\7a90112c371183668b51e657a1f9113ed38f126f\spring-cloud-starter-4.0.4.jar;C:\Users\JUNGI\.gradle\caches\modules-2\files-2.1\org.springframework.cloud\spring-cloud-gateway-server\4.0.7\ce86e9c0d789a246e908c5ba0e77d5c72d8b599d\spring-cloud-gateway-server-4.0.7.jar;C:\Users\JUNGI\.gradle\caches\modules-2\files-2.1\org.springframework.boot\spring-boot-starter-webflux\3.1.4\5a4ffbb893cd0525bf7a5fcaebeab4cd1ee83dd6\spring-boot-starter-webflux-3.1.4.jar;C:\Users\JUNGI\.gradle\caches\modules-2\fi
Launcher Type: SUN_STANDARD

[Global flags]
     intx CICompilerCount                          = 4                                         {product} {ergonomic}
     uint ConcGCThreads                            = 2                                         {product} {ergonomic}
     uint G1ConcRefinementThreads                  = 8                                         {product} {ergonomic}
   size_t G1HeapRegionSize                         = 1048576                                   {product} {ergonomic}
    uintx GCDrainStackTargetSize                   = 64                                        {product} {ergonomic}
   size_t InitialHeapSize                          = 132120576                                 {product} {ergonomic}
     bool ManagementServer                         = true                                      {product} {command line}
   size_t MarkStackSize                            = 4194304                                   {product} {ergonomic}
   size_t MaxHeapSize                              = 2107637760                                {product} {ergonomic}
   size_t MinHeapDeltaBytes                        = 1048576                                   {product} {ergonomic}
   size_t MinHeapSize                              = 8388608                                   {product} {ergonomic}
    uintx NonProfiledCodeHeapSize                  = 0                                      {pd product} {ergonomic}
     bool ProfileInterpreter                       = false                                  {pd product} {command line}
    uintx ProfiledCodeHeapSize                     = 0                                      {pd product} {ergonomic}
   size_t SoftMaxHeapSize                          = 2107637760                             {manageable} {ergonomic}
     intx TieredStopAtLevel                        = 1                                         {product} {command line}
     bool UseCompressedClassPointers               = true                           {product lp64_product} {ergonomic}
     bool UseCompressedOops                        = true                           {product lp64_product} {ergonomic}
     bool UseG1GC                                  = true                                      {product} {ergonomic}
     bool UseLargePagesIndividualAllocation        = false                                  {pd product} {ergonomic}

Logging:
Log output configuration:
 #0: stdout all=warning uptime,level,tags
 #1: stderr all=off uptime,level,tags

Environment Variables:
JAVA_HOME=C:\Users\JUNGI\.jdks\corretto-17.0.7
PATH=C:\Program Files (x86)\Intel\Intel(R) Management Engine Components\iCLS\;C:\Program Files\Intel\Intel(R) Management Engine Components\iCLS\;C:\Windows\system32;C:\Windows;C:\Windows\System32\Wbem;C:\Windows\System32\WindowsPowerShell\v1.0\;C:\Windows\System32\OpenSSH\;C:\Program Files\MongoDB\Server\7.0\bin;C:\Program Files (x86)\Intel\Intel(R) Management Engine Components\DAL;C:\Program Files\Intel\Intel(R) Management Engine Components\DAL;C:\Program Files (x86)\Intel\Intel(R) Management Engine Components\IPT;C:\Program Files\Intel\Intel(R) Management Engine Components\IPT;C:\Program Files (x86)\NVIDIA Corporation\PhysX\Common;C:\Program Files\Intel\WiFi\bin\;C:\Program Files\Common Files\Intel\WirelessCommon\;C:\WINDOWS\system32;C:\WINDOWS;C:\WINDOWS\System32\Wbem;C:\WINDOWS\System32\WindowsPowerShell\v1.0\;C:\WINDOWS\System32\OpenSSH\;D:\Git\cmd;D:\nodejs\;C:\Users\JUNGI\.jdks\corretto-17.0.7\bin;;C:\Program Files\Docker\Docker\resources\bin;C:\Users\JUNGI\AppData\Local\Microsoft\WindowsApps;C:\Program Files\Intel\WiFi\bin\;C:\Program Files\Common Files\Intel\WirelessCommon\;F:\4. 유틸리티\;D:\IntelliJ IDEA Community Edition 2023.1.2\bin;;D:\Microsoft VS Code\bin;D:\IntelliJ IDEA 2023.1.2\bin;;C:\gradle\gradle-8.2.1\bin;C:\Users\JUNGI\AppData\Roaming\npm;C:\Program Files\MongoDB\Server\7.0\bin;
USERNAME=JUNGI
OS=Windows_NT
PROCESSOR_IDENTIFIER=Intel64 Family 6 Model 158 Stepping 10, GenuineIntel
TMP=C:\Users\JUNGI\AppData\Local\Temp
TEMP=C:\Users\JUNGI\AppData\Local\Temp



---------------  S Y S T E M  ---------------

OS:
 Windows 10 , 64 bit Build 19041 (10.0.19041.3393)
OS uptime: 1 days 13:03 hours
Hyper-V role detected

CPU: total 8 (initial active 8) (4 cores per cpu, 2 threads per core) family 6 model 158 stepping 10 microcode 0xb4, cx8, cmov, fxsr, ht, mmx, 3dnowpref, sse, sse2, sse3, ssse3, sse4.1, sse4.2, popcnt, lzcnt, tsc, tscinvbit, avx, avx2, aes, erms, clmul, bmi1, bmi2, adx, fma, vzeroupper, clflush, clflushopt, hv

Memory: 4k page, system-wide physical 8034M (301M free)
TotalPageFile size 15578M (AvailPageFile size 52M)
current process WorkingSet (physical memory assigned to process): 11M, peak: 11M
current process commit charge ("private bytes"): 55M, peak: 181M

vm_info: OpenJDK 64-Bit Server VM (17.0.7+7-LTS) for windows-amd64 JRE (17.0.7+7-LTS), built on Apr 14 2023 01:39:21 by "Administrator" with MS VC++ 15.9 (VS2017)

END.
